<?xml version="1.0" encoding="UTF-8"?>
<!-- Generated by org.testng.reporters.JUnitXMLReporter -->
<testsuite hostname="DESKTOP-RN62EUK" ignored="0" name="Test" tests="2" failures="0" timestamp="06 Nov 2022 15:43:43 GMT" time="0.031" errors="0">
  <testcase name="@BeforeTest setup" time="0.016" classname="TestRunner.com.Runner">
    <failure type="java.lang.NullPointerException">
      <![CDATA[java.lang.NullPointerException
at Base.com.Base.initialize(Base.java:77)
at TestRunner.com.Runner.setup(Runner.java:32)
... Removed 28 stack frames]]>
    </failure>
  </testcase> <!-- @BeforeTest setup -->
  <testcase name="@AfterTest tearDown" time="0.0" classname="TestRunner.com.Runner">
    <skipped/>
  </testcase> <!-- @AfterTest tearDown -->
  <testcase name="titelTest" time="0.0" classname="TestRunner.com.Runner">
    <skipped/>
  </testcase> <!-- titelTest -->
  <testcase name="input" time="0.0" classname="TestRunner.com.Runner">
    <skipped/>
  </testcase> <!-- input -->
</testsuite> <!-- Test -->
