<?xml version="1.0" encoding="UTF-8"?>
<!-- Generated by org.testng.reporters.JUnitXMLReporter -->
<testsuite hostname="DESKTOP-RN62EUK" ignored="0" name="ChromeTest" tests="2" failures="2" timestamp="2022-10-17T12:23:29 EDT" time="13.941" errors="0">
  <testcase name="titelTest" time="0.019" classname="TestRunner.com.Runner">
    <failure type="java.lang.AssertionError" message="expected [oogle] but found [Google]">
      <![CDATA[java.lang.AssertionError: expected [oogle] but found [Google]
at TestRunner.com.Runner.titelTest(Runner.java:32)
at java.util.ArrayList.forEach(Unknown Source)
at java.util.concurrent.FutureTask.run(Unknown Source)
at java.util.concurrent.ThreadPoolExecutor.runWorker(Unknown Source)
at java.util.concurrent.ThreadPoolExecutor$Worker.run(Unknown Source)
at java.lang.Thread.run(Unknown Source)
... Removed 23 stack frames]]>
    </failure>
  </testcase> <!-- titelTest -->
  <testcase name="input" time="3.589" classname="TestRunner.com.Runner">
    <failure type="java.lang.AssertionError" message="null">
      <![CDATA[java.lang.AssertionError: null
at TestRunner.com.Runner.input(Runner.java:44)
at java.util.ArrayList.forEach(Unknown Source)
at java.util.concurrent.FutureTask.run(Unknown Source)
at java.util.concurrent.ThreadPoolExecutor.runWorker(Unknown Source)
at java.util.concurrent.ThreadPoolExecutor$Worker.run(Unknown Source)
at java.lang.Thread.run(Unknown Source)
... Removed 20 stack frames]]>
    </failure>
  </testcase> <!-- input -->
</testsuite> <!-- ChromeTest -->
