<?xml version="1.0" encoding="UTF-8"?>
<!-- Generated by org.testng.reporters.JUnitXMLReporter -->
<testsuite hostname="DESKTOP-RN62EUK" ignored="0" name="FirefoxTest" tests="4" failures="0" timestamp="2022-11-06T09:29:25 EST" time="21.383" errors="0">
  <testcase name="titelTest" time="0.037" classname="TestRunner.com.Runner"/>
  <testcase name="titelTest" time="1.438" classname="TestRunner.com.Runner"/>
  <testcase name="input" time="2.383" classname="TestRunner.com.Runner"/>
  <testcase name="input" time="1.094" classname="TestRunner.com.Runner"/>
</testsuite> <!-- FirefoxTest -->
