<?xml version="1.0" encoding="UTF-8"?>
<testng-results skipped="0" failed="0" ignored="0" total="2" passed="2">
  <reporter-output>
  </reporter-output>
  <suite name="Default suite" duration-ms="12485" started-at="2022-11-06T20:57:18 EST" finished-at="2022-11-06T20:57:31 EST">
    <groups>
    </groups>
    <test name="Default test" duration-ms="12485" started-at="2022-11-06T20:57:18 EST" finished-at="2022-11-06T20:57:31 EST">
      <class name="TestRunner.com.Runner">
        <test-method status="PASS" signature="setup()[pri:0, instance:TestRunner.com.Runner@27808f31]" name="setup" is-config="true" duration-ms="7690" started-at="2022-11-06T20:57:19 EST" finished-at="2022-11-06T20:57:26 EST">
          <reporter-output>
          </reporter-output>
        </test-method> <!-- setup -->
        <test-method status="PASS" signature="titelTest()[pri:1, instance:TestRunner.com.Runner@27808f31]" name="titelTest" duration-ms="34" started-at="2022-11-06T20:57:26 EST" finished-at="2022-11-06T20:57:26 EST">
          <reporter-output>
          </reporter-output>
        </test-method> <!-- titelTest -->
        <test-method status="PASS" signature="input()[pri:2, instance:TestRunner.com.Runner@27808f31]" name="input" duration-ms="298" started-at="2022-11-06T20:57:26 EST" finished-at="2022-11-06T20:57:27 EST">
          <reporter-output>
          </reporter-output>
        </test-method> <!-- input -->
        <test-method status="PASS" signature="tearDown()[pri:0, instance:TestRunner.com.Runner@27808f31]" name="tearDown" is-config="true" duration-ms="4411" started-at="2022-11-06T20:57:27 EST" finished-at="2022-11-06T20:57:31 EST">
          <reporter-output>
          </reporter-output>
        </test-method> <!-- tearDown -->
      </class> <!-- TestRunner.com.Runner -->
    </test> <!-- Default test -->
  </suite> <!-- Default suite -->
</testng-results>
