<?xml version="1.0" encoding="UTF-8"?>
<!-- Generated by org.testng.reporters.JUnitXMLReporter -->
<testsuite hostname="DESKTOP-RN62EUK" ignored="0" name="FirefoxTest" tests="4" failures="0" timestamp="2022-11-06T10:28:03 EST" time="0.047" errors="0">
  <testcase name="@BeforeTest setup" time="0.0" classname="TestRunner.com.Runner">
    <failure type="java.lang.NullPointerException">
      <![CDATA[java.lang.NullPointerException
at Base.com.Base.initialize(Base.java:75)
at TestRunner.com.Runner.setup(Runner.java:32)
at java.util.concurrent.FutureTask.run(FutureTask.java:266)
at java.util.concurrent.ThreadPoolExecutor.runWorker(ThreadPoolExecutor.java:1149)
at java.util.concurrent.ThreadPoolExecutor$Worker.run(ThreadPoolExecutor.java:624)
at java.lang.Thread.run(Thread.java:748)
... Removed 15 stack frames]]>
    </failure>
  </testcase> <!-- @BeforeTest setup -->
  <testcase name="@AfterTest tearDown" time="-1.667748483561E9" classname="TestRunner.com.Runner">
    <skipped/>
  </testcase> <!-- @AfterTest tearDown -->
  <testcase name="titelTest" time="0.0" classname="TestRunner.com.Runner">
    <skipped/>
  </testcase> <!-- titelTest -->
  <testcase name="titelTest" time="0.0" classname="TestRunner.com.Runner">
    <skipped/>
  </testcase> <!-- titelTest -->
  <testcase name="input" time="0.0" classname="TestRunner.com.Runner">
    <skipped/>
  </testcase> <!-- input -->
  <testcase name="input" time="0.0" classname="TestRunner.com.Runner">
    <skipped/>
  </testcase> <!-- input -->
</testsuite> <!-- FirefoxTest -->
