<?xml version="1.0" encoding="UTF-8"?>
<testng-results ignored="0" total="2" passed="2" failed="0" skipped="0">
  <reporter-output>
  </reporter-output>
  <suite started-at="2022-11-07T18:21:19 EST" name="Suite" finished-at="2022-11-07T18:21:32 EST" duration-ms="13526">
    <groups>
    </groups>
    <test started-at="2022-11-07T18:21:19 EST" name="Test" finished-at="2022-11-07T18:21:32 EST" duration-ms="13526">
      <class name="TestRunner.com.Runner">
        <test-method is-config="true" signature="setup()[pri:0, instance:TestRunner.com.Runner@e7edb54]" started-at="2022-11-07T18:21:19 EST" name="setup" finished-at="2022-11-07T18:21:27 EST" duration-ms="8703" status="PASS">
          <reporter-output>
          </reporter-output>
        </test-method> <!-- setup -->
        <test-method signature="titelTest()[pri:1, instance:TestRunner.com.Runner@e7edb54]" started-at="2022-11-07T18:21:27 EST" name="titelTest" finished-at="2022-11-07T18:21:27 EST" duration-ms="30" status="PASS">
          <reporter-output>
          </reporter-output>
        </test-method> <!-- titelTest -->
        <test-method signature="input()[pri:2, instance:TestRunner.com.Runner@e7edb54]" started-at="2022-11-07T18:21:27 EST" name="input" finished-at="2022-11-07T18:21:28 EST" duration-ms="454" status="PASS">
          <reporter-output>
          </reporter-output>
        </test-method> <!-- input -->
        <test-method is-config="true" signature="tearDown()[pri:0, instance:TestRunner.com.Runner@e7edb54]" started-at="2022-11-07T18:21:28 EST" name="tearDown" finished-at="2022-11-07T18:21:32 EST" duration-ms="4297" status="PASS">
          <reporter-output>
          </reporter-output>
        </test-method> <!-- tearDown -->
      </class> <!-- TestRunner.com.Runner -->
    </test> <!-- Test -->
  </suite> <!-- Suite -->
</testng-results>
